<?xml version="1.0" encoding="UTF-8"?>
<!-- Generated by org.testng.reporters.JUnitXMLReporter -->
<testsuite hostname="DELL-PC" ignored="0" name="SauceLabs" tests="4" failures="0" timestamp="2021-09-17T11:42:00 IST" time="37.385" errors="0">
  <testcase name="ProductDetails_Validation" time="9.888" classname="com.sauce.SauceDemo.SauceLabs"/>
  <testcase name="Product_Availability" time="8.201" classname="com.sauce.SauceDemo.SauceLabs"/>
  <testcase name="ProductPrice_Validation" time="8.012" classname="com.sauce.SauceDemo.SauceLabs"/>
  <testcase name="ErrorMessage_Validation" time="6.349" classname="com.sauce.SauceDemo.SauceLabs"/>
</testsuite> <!-- SauceLabs -->
